<?xml version="1.0" encoding="UTF-8"?>
<robot generator="Robot 3.2.2 (Python 3.7.0 on win32)" generated="20220515 23:55:04.335" rpa="false">
<suite id="s1" name="RobotProject1" source="C:\Users\MokhtarMetehri\eclipse-workspace\RobotProject1">
<suite id="s1-s1" name="Test" source="C:\Users\MokhtarMetehri\eclipse-workspace\RobotProject1\test">
<suite id="s1-s1-s1" name="TestSuite1" source="C:\Users\MokhtarMetehri\eclipse-workspace\RobotProject1\test\TestSuite1.robot">
<kw name="Log" library="BuiltIn" type="setup">
<doc>Logs the given message with the given level.</doc>
<arguments>
<arg>I am inside Test Suite SetUp</arg>
</arguments>
<msg timestamp="20220515 23:55:04.514" level="INFO">I am inside Test Suite SetUp</msg>
<status status="PASS" starttime="20220515 23:55:04.513" endtime="20220515 23:55:04.514"></status>
</kw>
<test id="s1-s1-s1-t1" name="MyFirstTest">
<kw name="Log" library="BuiltIn" type="setup">
<doc>Logs the given message with the given level.</doc>
<arguments>
<arg>I am inside Test case Setup</arg>
</arguments>
<msg timestamp="20220515 23:55:04.517" level="INFO">I am inside Test case Setup</msg>
<status status="PASS" starttime="20220515 23:55:04.516" endtime="20220515 23:55:04.517"></status>
</kw>
<kw name="Log" library="BuiltIn">
<doc>Logs the given message with the given level.</doc>
<arguments>
<arg>Hello World...</arg>
</arguments>
<msg timestamp="20220515 23:55:04.518" level="INFO">Hello World...</msg>
<status status="PASS" starttime="20220515 23:55:04.517" endtime="20220515 23:55:04.518"></status>
</kw>
<kw name="Log" library="BuiltIn" type="teardown">
<doc>Logs the given message with the given level.</doc>
<arguments>
<arg>I am inside Test case Teardown</arg>
</arguments>
<msg timestamp="20220515 23:55:04.519" level="INFO">I am inside Test case Teardown</msg>
<status status="PASS" starttime="20220515 23:55:04.518" endtime="20220515 23:55:04.519"></status>
</kw>
<tags>
<tag>smoke</tag>
</tags>
<status status="PASS" starttime="20220515 23:55:04.514" endtime="20220515 23:55:04.519" critical="yes"></status>
</test>
<test id="s1-s1-s1-t2" name="MySecondTest">
<kw name="Log" library="BuiltIn" type="setup">
<doc>Logs the given message with the given level.</doc>
<arguments>
<arg>I am inside Test case Setup</arg>
</arguments>
<msg timestamp="20220515 23:55:04.520" level="INFO">I am inside Test case Setup</msg>
<status status="PASS" starttime="20220515 23:55:04.520" endtime="20220515 23:55:04.521"></status>
</kw>
<kw name="Log" library="BuiltIn">
<doc>Logs the given message with the given level.</doc>
<arguments>
<arg>I am inside 2nd Test</arg>
</arguments>
<msg timestamp="20220515 23:55:04.521" level="INFO">I am inside 2nd Test</msg>
<status status="PASS" starttime="20220515 23:55:04.521" endtime="20220515 23:55:04.521"></status>
</kw>
<kw name="Log" library="BuiltIn" type="teardown">
<doc>Logs the given message with the given level.</doc>
<arguments>
<arg>I am inside Test case Teardown</arg>
</arguments>
<msg timestamp="20220515 23:55:04.522" level="INFO">I am inside Test case Teardown</msg>
<status status="PASS" starttime="20220515 23:55:04.522" endtime="20220515 23:55:04.522"></status>
</kw>
<tags>
<tag>Sanity</tag>
</tags>
<status status="PASS" starttime="20220515 23:55:04.520" endtime="20220515 23:55:04.522" critical="yes"></status>
</test>
<test id="s1-s1-s1-t3" name="MyThirdTest">
<kw name="Log" library="BuiltIn" type="setup">
<doc>Logs the given message with the given level.</doc>
<arguments>
<arg>I am inside Test case Setup</arg>
</arguments>
<msg timestamp="20220515 23:55:04.524" level="INFO">I am inside Test case Setup</msg>
<status status="PASS" starttime="20220515 23:55:04.523" endtime="20220515 23:55:04.524"></status>
</kw>
<kw name="Log" library="BuiltIn">
<doc>Logs the given message with the given level.</doc>
<arguments>
<arg>I am inside 3rd Test</arg>
</arguments>
<msg timestamp="20220515 23:55:04.524" level="INFO">I am inside 3rd Test</msg>
<status status="PASS" starttime="20220515 23:55:04.524" endtime="20220515 23:55:04.524"></status>
</kw>
<kw name="Log" library="BuiltIn" type="teardown">
<doc>Logs the given message with the given level.</doc>
<arguments>
<arg>I am inside Test case Teardown</arg>
</arguments>
<msg timestamp="20220515 23:55:04.525" level="INFO">I am inside Test case Teardown</msg>
<status status="PASS" starttime="20220515 23:55:04.525" endtime="20220515 23:55:04.525"></status>
</kw>
<tags>
<tag>Sanity</tag>
</tags>
<status status="PASS" starttime="20220515 23:55:04.523" endtime="20220515 23:55:04.525" critical="yes"></status>
</test>
<kw name="Log" library="BuiltIn" type="teardown">
<doc>Logs the given message with the given level.</doc>
<arguments>
<arg>I am inside Test Suite TearDown</arg>
</arguments>
<msg timestamp="20220515 23:55:04.526" level="INFO">I am inside Test Suite TearDown</msg>
<status status="PASS" starttime="20220515 23:55:04.526" endtime="20220515 23:55:04.526"></status>
</kw>
<status status="PASS" starttime="20220515 23:55:04.376" endtime="20220515 23:55:04.526"></status>
</suite>
<status status="PASS" starttime="20220515 23:55:04.374" endtime="20220515 23:55:04.528"></status>
</suite>
<status status="PASS" starttime="20220515 23:55:04.361" endtime="20220515 23:55:04.529"></status>
</suite>
<statistics>
<total>
<stat pass="3" fail="0">Critical Tests</stat>
<stat pass="3" fail="0">All Tests</stat>
</total>
<tag>
<stat pass="2" fail="0">Sanity</stat>
<stat pass="1" fail="0">smoke</stat>
</tag>
<suite>
<stat pass="3" fail="0" id="s1" name="RobotProject1">RobotProject1</stat>
<stat pass="3" fail="0" id="s1-s1" name="Test">RobotProject1.Test</stat>
<stat pass="3" fail="0" id="s1-s1-s1" name="TestSuite1">RobotProject1.Test.TestSuite1</stat>
</suite>
</statistics>
<errors>
</errors>
</robot>
